Post Processor Report
OrCAD FILE: K:\SENIOR_DESIGN\SCHEMATICS\SUBMIT_FILES\DETECTOR.MAX
Thu Apr 17 17:10:31 2003

*********************************************************

Output file: K:\SENIOR_DESIGN\SCHEMATICS\SUBMIT_FILES\DETECTOR.TOP

Aperture totals for K:\SENIOR_DESIGN\SCHEMATICS\SUBMIT_FILES\DETECTOR.TOP:
---------------------------------------------------------
D10:  0.0500 SQUARE --       0 Draws,      54 Flashes
D12:  0.0520 ROUND  --       0 Draws,      18 Flashes
D14:  0.0620 ROUND  --       0 Draws,      12 Flashes
D15:  0.0620 SQUARE --       0 Draws,       2 Flashes
D16:  0.0400 x 0.0340 RECTANGLE -----       2 Flashes
D17:  0.0500 x 0.0340 RECTANGLE -----       1 Flashes
D18:  0.0340 x 0.0400 RECTANGLE -----       2 Flashes
D19:  0.0340 x 0.0500 RECTANGLE -----       1 Flashes
D22:  0.0550 ROUND  --       0 Draws,      17 Flashes
D23:  0.0180 x 0.1000 OBLONG    -----      19 Flashes
D24:  0.0180 x 0.1000 RECTANGLE -----       3 Flashes
D25:  0.1000 x 0.0180 OBLONG    -----      20 Flashes
D26:  0.1000 x 0.0180 RECTANGLE -----       2 Flashes
D27:  0.1000 x 0.0250 OBLONG    -----      15 Flashes
D28:  0.1000 x 0.0250 RECTANGLE -----       1 Flashes
D29:  0.0500 ROUND  --       0 Draws,      10 Flashes
D30:  0.0500 ROUND  --       0 Draws,       2 Flashes
D32:  0.0500 ROUND  --       0 Draws,     200 Flashes
D86:  0.0100 ROUND  --    1283 Draws,       0 Flashes
D89:  0.0250 x 0.0940 OBLONG    -----      28 Flashes
D90:  0.0250 x 0.0940 RECTANGLE -----       4 Flashes
D91:  0.0250 x 0.1000 OBLONG    -----      38 Flashes
D92:  0.0250 x 0.1000 RECTANGLE -----       2 Flashes
---------------------------------------------------------
 23 D-Codes      -----    1283 Draws,     453 Flashes

*********************************************************

Output file: K:\SENIOR_DESIGN\SCHEMATICS\SUBMIT_FILES\DETECTOR.BOT

Aperture totals for K:\SENIOR_DESIGN\SCHEMATICS\SUBMIT_FILES\DETECTOR.BOT:
---------------------------------------------------------
D30:  0.0500 ROUND  --       0 Draws,       2 Flashes
D32:  0.0500 ROUND  --       0 Draws,     200 Flashes
D33:  0.0500 SQUARE --       0 Draws,       2 Flashes
D35:  0.0520 ROUND  --       0 Draws,      18 Flashes
D37:  0.0620 ROUND  --       0 Draws,      12 Flashes
D38:  0.0620 SQUARE --       0 Draws,       2 Flashes
D41:  0.0550 ROUND  --       0 Draws,      17 Flashes
D44:  0.0500 ROUND  --       0 Draws,      10 Flashes
D86:  0.0100 ROUND  --     601 Draws,       0 Flashes
D93:  0.0860 x 0.0250 OBLONG    -----      14 Flashes
D94:  0.0860 x 0.0250 RECTANGLE -----       2 Flashes
---------------------------------------------------------
 11 D-Codes      -----     601 Draws,     279 Flashes

*********************************************************

Output file: K:\SENIOR_DESIGN\SCHEMATICS\SUBMIT_FILES\DETECTOR.SMT

Aperture totals for K:\SENIOR_DESIGN\SCHEMATICS\SUBMIT_FILES\DETECTOR.SMT:
---------------------------------------------------------
D33:  0.0500 SQUARE --       0 Draws,      54 Flashes
D35:  0.0520 ROUND  --       0 Draws,      18 Flashes
D37:  0.0620 ROUND  --       0 Draws,      12 Flashes
D38:  0.0620 SQUARE --       0 Draws,       2 Flashes
D41:  0.0550 ROUND  --       0 Draws,      10 Flashes
D83:  0.0550 ROUND  --       0 Draws,     202 Flashes
D84:  0.0600 ROUND  --       0 Draws,      17 Flashes
D101: 0.0340 x 0.0400 RECTANGLE -----       2 Flashes
D102: 0.0340 x 0.0500 RECTANGLE -----       1 Flashes
D103: 0.0400 x 0.0340 RECTANGLE -----       2 Flashes
D104: 0.0500 x 0.0340 RECTANGLE -----       1 Flashes
D105: 0.1000 x 0.0180 OBLONG    -----      20 Flashes
D106: 0.1000 x 0.0180 RECTANGLE -----       2 Flashes
D107: 0.0180 x 0.1000 OBLONG    -----      19 Flashes
D108: 0.0180 x 0.1000 RECTANGLE -----       3 Flashes
D109: 0.0250 x 0.0940 OBLONG    -----      28 Flashes
D110: 0.0250 x 0.0940 RECTANGLE -----       4 Flashes
D111: 0.0250 x 0.1000 OBLONG    -----      38 Flashes
D112: 0.0250 x 0.1000 RECTANGLE -----       2 Flashes
D113: 0.1000 x 0.0250 OBLONG    -----      15 Flashes
D114: 0.1000 x 0.0250 RECTANGLE -----       1 Flashes
---------------------------------------------------------
 21 D-Codes      -----       0 Draws,     453 Flashes

*********************************************************

Output file: K:\SENIOR_DESIGN\SCHEMATICS\SUBMIT_FILES\DETECTOR.SMB

Aperture totals for K:\SENIOR_DESIGN\SCHEMATICS\SUBMIT_FILES\DETECTOR.SMB:
---------------------------------------------------------
D33:  0.0500 SQUARE --       0 Draws,       2 Flashes
D35:  0.0520 ROUND  --       0 Draws,      18 Flashes
D37:  0.0620 ROUND  --       0 Draws,      12 Flashes
D38:  0.0620 SQUARE --       0 Draws,       2 Flashes
D41:  0.0550 ROUND  --       0 Draws,      10 Flashes
D83:  0.0550 ROUND  --       0 Draws,     202 Flashes
D84:  0.0600 ROUND  --       0 Draws,      17 Flashes
D93:  0.0860 x 0.0250 OBLONG    -----      14 Flashes
D94:  0.0860 x 0.0250 RECTANGLE -----       2 Flashes
---------------------------------------------------------
  9 D-Codes      -----       0 Draws,     279 Flashes

*********************************************************

Output file: K:\SENIOR_DESIGN\SCHEMATICS\SUBMIT_FILES\DETECTOR.SPT

Aperture totals for K:\SENIOR_DESIGN\SCHEMATICS\SUBMIT_FILES\DETECTOR.SPT:
---------------------------------------------------------
D33:  0.0500 SQUARE --       0 Draws,      54 Flashes
D101: 0.0340 x 0.0400 RECTANGLE -----       2 Flashes
D102: 0.0340 x 0.0500 RECTANGLE -----       1 Flashes
D103: 0.0400 x 0.0340 RECTANGLE -----       2 Flashes
D104: 0.0500 x 0.0340 RECTANGLE -----       1 Flashes
D105: 0.1000 x 0.0180 OBLONG    -----      20 Flashes
D106: 0.1000 x 0.0180 RECTANGLE -----       2 Flashes
D107: 0.0180 x 0.1000 OBLONG    -----      19 Flashes
D108: 0.0180 x 0.1000 RECTANGLE -----       3 Flashes
D109: 0.0250 x 0.0940 OBLONG    -----      28 Flashes
D110: 0.0250 x 0.0940 RECTANGLE -----       4 Flashes
D111: 0.0250 x 0.1000 OBLONG    -----      38 Flashes
D112: 0.0250 x 0.1000 RECTANGLE -----       2 Flashes
D113: 0.1000 x 0.0250 OBLONG    -----      15 Flashes
D114: 0.1000 x 0.0250 RECTANGLE -----       1 Flashes
---------------------------------------------------------
 15 D-Codes      -----       0 Draws,     192 Flashes

*********************************************************

Output file: K:\SENIOR_DESIGN\SCHEMATICS\SUBMIT_FILES\DETECTOR.SPB

Aperture totals for K:\SENIOR_DESIGN\SCHEMATICS\SUBMIT_FILES\DETECTOR.SPB:
---------------------------------------------------------
D33:  0.0500 SQUARE --       0 Draws,       2 Flashes
D93:  0.0860 x 0.0250 OBLONG    -----      14 Flashes
D94:  0.0860 x 0.0250 RECTANGLE -----       2 Flashes
---------------------------------------------------------
  3 D-Codes      -----       0 Draws,      18 Flashes

*********************************************************

Output file: K:\SENIOR_DESIGN\SCHEMATICS\SUBMIT_FILES\DETECTOR.SST

Aperture totals for K:\SENIOR_DESIGN\SCHEMATICS\SUBMIT_FILES\DETECTOR.SST:
---------------------------------------------------------
D85:  0.0080 ROUND  --     311 Draws,       0 Flashes
D86:  0.0100 ROUND  --     143 Draws,       0 Flashes
D87:  0.0060 ROUND  --     578 Draws,       0 Flashes
D88:  0.0010 ROUND  --      65 Draws,       0 Flashes
---------------------------------------------------------
  4 D-Codes      -----    1097 Draws,       0 Flashes

*********************************************************

Output file: K:\SENIOR_DESIGN\SCHEMATICS\SUBMIT_FILES\DETECTOR.SSB

Aperture totals for K:\SENIOR_DESIGN\SCHEMATICS\SUBMIT_FILES\DETECTOR.SSB:
---------------------------------------------------------
D85:  0.0080 ROUND  --      66 Draws,       0 Flashes
D86:  0.0100 ROUND  --      36 Draws,       0 Flashes
D87:  0.0060 ROUND  --      22 Draws,       0 Flashes
---------------------------------------------------------
  3 D-Codes      -----     124 Draws,       0 Flashes

*********************************************************

Output file: K:\SENIOR_DESIGN\SCHEMATICS\SUBMIT_FILES\DETECTOR.DRD

Aperture totals for K:\SENIOR_DESIGN\SCHEMATICS\SUBMIT_FILES\DETECTOR.DRD:
---------------------------------------------------------
D86:  0.0100 ROUND  --    1187 Draws,       0 Flashes
---------------------------------------------------------
  1 D-Codes      -----    1187 Draws,       0 Flashes


*********************************************************

Aperture totals for entire project:
---------------------------------------------------------
D10:  0.0500 SQUARE --       0 Draws,      54 Flashes
D12:  0.0520 ROUND  --       0 Draws,      18 Flashes
D14:  0.0620 ROUND  --       0 Draws,      12 Flashes
D15:  0.0620 SQUARE --       0 Draws,       2 Flashes
D16:  0.0400 x 0.0340 RECTANGLE -----       2 Flashes
D17:  0.0500 x 0.0340 RECTANGLE -----       1 Flashes
D18:  0.0340 x 0.0400 RECTANGLE -----       2 Flashes
D19:  0.0340 x 0.0500 RECTANGLE -----       1 Flashes
D22:  0.0550 ROUND  --       0 Draws,      17 Flashes
D23:  0.0180 x 0.1000 OBLONG    -----      19 Flashes
D24:  0.0180 x 0.1000 RECTANGLE -----       3 Flashes
D25:  0.1000 x 0.0180 OBLONG    -----      20 Flashes
D26:  0.1000 x 0.0180 RECTANGLE -----       2 Flashes
D27:  0.1000 x 0.0250 OBLONG    -----      15 Flashes
D28:  0.1000 x 0.0250 RECTANGLE -----       1 Flashes
D29:  0.0500 ROUND  --       0 Draws,      10 Flashes
D30:  0.0500 ROUND  --       0 Draws,       4 Flashes
D32:  0.0500 ROUND  --       0 Draws,     400 Flashes
D33:  0.0500 SQUARE --       0 Draws,     114 Flashes
D35:  0.0520 ROUND  --       0 Draws,      54 Flashes
D37:  0.0620 ROUND  --       0 Draws,      36 Flashes
D38:  0.0620 SQUARE --       0 Draws,       6 Flashes
D41:  0.0550 ROUND  --       0 Draws,      37 Flashes
D44:  0.0500 ROUND  --       0 Draws,      10 Flashes
D83:  0.0550 ROUND  --       0 Draws,     404 Flashes
D84:  0.0600 ROUND  --       0 Draws,      34 Flashes
D85:  0.0080 ROUND  --     377 Draws,       0 Flashes
D86:  0.0100 ROUND  --    3250 Draws,       0 Flashes
D87:  0.0060 ROUND  --     600 Draws,       0 Flashes
D88:  0.0010 ROUND  --      65 Draws,       0 Flashes
D89:  0.0250 x 0.0940 OBLONG    -----      28 Flashes
D90:  0.0250 x 0.0940 RECTANGLE -----       4 Flashes
D91:  0.0250 x 0.1000 OBLONG    -----      38 Flashes
D92:  0.0250 x 0.1000 RECTANGLE -----       2 Flashes
D93:  0.0860 x 0.0250 OBLONG    -----      42 Flashes
D94:  0.0860 x 0.0250 RECTANGLE -----       6 Flashes
D101: 0.0340 x 0.0400 RECTANGLE -----       4 Flashes
D102: 0.0340 x 0.0500 RECTANGLE -----       2 Flashes
D103: 0.0400 x 0.0340 RECTANGLE -----       4 Flashes
D104: 0.0500 x 0.0340 RECTANGLE -----       2 Flashes
D105: 0.1000 x 0.0180 OBLONG    -----      40 Flashes
D106: 0.1000 x 0.0180 RECTANGLE -----       4 Flashes
D107: 0.0180 x 0.1000 OBLONG    -----      38 Flashes
D108: 0.0180 x 0.1000 RECTANGLE -----       6 Flashes
D109: 0.0250 x 0.0940 OBLONG    -----      56 Flashes
D110: 0.0250 x 0.0940 RECTANGLE -----       8 Flashes
D111: 0.0250 x 0.1000 OBLONG    -----      76 Flashes
D112: 0.0250 x 0.1000 RECTANGLE -----       4 Flashes
D113: 0.1000 x 0.0250 OBLONG    -----      30 Flashes
D114: 0.1000 x 0.0250 RECTANGLE -----       2 Flashes
---------------------------------------------------------
 50 D-Codes      -----    4292 Draws,    1674 Flashes


No warnings or errors.
